<?xml version="1.0" encoding="UTF-8"?>
<!-- Generated by org.testng.reporters.JUnitXMLReporter -->
<testsuite ignored="0" hostname="Mac.attlocal.net" failures="0" tests="3" name="Default test" time="2.688" errors="0" timestamp="2025-06-23T16:03:47 CDT">
  <testcase classname="files.DynamicJSON" name="addbook" time="1.205"/>
  <testcase classname="files.DynamicJSON" name="addbook" time="0.752"/>
  <testcase classname="files.DynamicJSON" name="addbook" time="0.714"/>
</testsuite> <!-- Default test -->
