<?xml version="1.0" encoding="UTF-8"?>
<testng-results ignored="0" total="3" passed="3" failed="0" skipped="0">
  <reporter-output>
  </reporter-output>
  <suite started-at="2025-06-04T02:27:06 CDT" name="Default suite" finished-at="2025-06-04T02:27:10 CDT" duration-ms="3738">
    <groups>
    </groups>
    <test started-at="2025-06-04T02:27:06 CDT" name="Default test" finished-at="2025-06-04T02:27:10 CDT" duration-ms="3738">
      <class name="files.DynamicJSON">
        <test-method signature="addbook(java.lang.String,java.lang.String)[pri:0, instance:files.DynamicJSON@2a65fe7c]" started-at="2025-06-04T02:27:06 CDT" name="addbook" data-provider="BooksData" finished-at="2025-06-04T02:27:09 CDT" duration-ms="2428" status="PASS">
          <params>
            <param index="0">
              <value>
                <![CDATA[qwoe]]>
              </value>
            </param>
            <param index="1">
              <value>
                <![CDATA[112]]>
              </value>
            </param>
          </params>
          <reporter-output>
          </reporter-output>
        </test-method> <!-- addbook -->
        <test-method signature="addbook(java.lang.String,java.lang.String)[pri:0, instance:files.DynamicJSON@2a65fe7c]" started-at="2025-06-04T02:27:09 CDT" name="addbook" data-provider="BooksData" finished-at="2025-06-04T02:27:09 CDT" duration-ms="651" status="PASS">
          <params>
            <param index="0">
              <value>
                <![CDATA[mjyk]]>
              </value>
            </param>
            <param index="1">
              <value>
                <![CDATA[3042]]>
              </value>
            </param>
          </params>
          <reporter-output>
          </reporter-output>
        </test-method> <!-- addbook -->
        <test-method signature="addbook(java.lang.String,java.lang.String)[pri:0, instance:files.DynamicJSON@2a65fe7c]" started-at="2025-06-04T02:27:09 CDT" name="addbook" data-provider="BooksData" finished-at="2025-06-04T02:27:10 CDT" duration-ms="615" status="PASS">
          <params>
            <param index="0">
              <value>
                <![CDATA[kiko]]>
              </value>
            </param>
            <param index="1">
              <value>
                <![CDATA[8987]]>
              </value>
            </param>
          </params>
          <reporter-output>
          </reporter-output>
        </test-method> <!-- addbook -->
      </class> <!-- files.DynamicJSON -->
    </test> <!-- Default test -->
  </suite> <!-- Default suite -->
</testng-results>
